[17:19:50.088] ------------------------------
[17:19:50.133] MelonLoader v0.6.4 Open-Beta
[17:19:50.135] OS: Windows 11
[17:19:50.136] Hash Code: FDB2C58E43E95EF33E44ECA785A99B6E87A82E408D5B55F9CB24855AA99B26E6
[17:19:50.136] ------------------------------
[17:19:50.137] Game Type: Il2cpp
[17:19:50.137] Game Arch: x64
[17:19:50.139] ------------------------------
[17:19:50.140] Core::BasePath = C:\Users\zach\Downloads\STG-StumbleCups-Test (2) ( the one that works)
[17:19:50.140] Game::BasePath = C:\Users\zach\Downloads\STG-StumbleCups-Test (2) ( the one that works)
[17:19:50.140] Game::DataPath = C:\Users\zach\Downloads\STG-StumbleCups-Test (2) ( the one that works)\Stumble Guys_Data
[17:19:50.141] Game::ApplicationPath = C:\Users\zach\Downloads\STG-StumbleCups-Test (2) ( the one that works)\Stumble Guys.exe
[17:19:50.141] Runtime Type: net6
[17:19:50.306] ------------------------------
[17:19:50.307] Game Name: Stumble Guys
[17:19:50.307] Game Developer: Kitka Games
[17:19:50.310] Unity Version: 2020.3.38f1
[17:19:50.311] Game Version: 0.56
[17:19:50.311] ------------------------------

[17:19:51.124] Preferences Loaded!

[17:19:51.286] Loading UserLibss from 'C:\Users\zach\Downloads\STG-StumbleCups-Test (2) ( the one that works)\UserLibs'...

[17:19:51.297] Loading Plugins from 'C:\Users\zach\Downloads\STG-StumbleCups-Test (2) ( the one that works)\Plugins'...
[17:19:51.299] 0 Plugins loaded.
[17:19:53.132] [MelonStartScreen] Initializing...
[17:19:53.212] [MelonStartScreen] Using Start Screen Theme: "Default"
[17:19:55.220] Loading Il2CppAssemblyGenerator...
[17:19:55.245] [Il2CppAssemblyGenerator] Contacting RemoteAPI...
[17:19:55.700] [Il2CppAssemblyGenerator] Game Not Found on RemoteAPI Host (https://api.melonloader.com/api/v1/game/stumble-guys)
[17:19:55.701] [Il2CppAssemblyGenerator] RemoteAPI.DumperVersion = null
[17:19:55.703] [Il2CppAssemblyGenerator] RemoteAPI.ObfuscationRegex = null
[17:19:55.704] [Il2CppAssemblyGenerator] RemoteAPI.MappingURL = null
[17:19:55.705] [Il2CppAssemblyGenerator] RemoteAPI.MappingFileSHA512 = null
[17:19:55.718] [Il2CppAssemblyGenerator] Using Dumper Version: 2022.1.0-pre-release.15
[17:19:55.720] [Il2CppAssemblyGenerator] Using Il2CppInterop Version = 1.4.6-ci.433+45e22c2cb80a9586114a1815d77cc20104fd896c
[17:19:55.721] [Il2CppAssemblyGenerator] Using Unity Dependencies Version = 2020.3.38
[17:19:55.722] [Il2CppAssemblyGenerator] Using Deobfuscation Regex = null
[17:19:55.723] [Il2CppAssemblyGenerator] Cpp2IL is up to date.
[17:19:55.724] [Il2CppAssemblyGenerator] UnityDependencies is up to date.
[17:19:55.726] [Il2CppAssemblyGenerator] Checking GameAssembly...
[17:19:55.967] [Il2CppAssemblyGenerator] Assembly is up to date. No Generation Needed.

[17:19:55.995] Loading Mods from 'C:\Users\zach\Downloads\STG-StumbleCups-Test (2) ( the one that works)\Mods'...
[17:19:55.997] ------------------------------
[17:19:56.112] Melon Assembly loaded: '.\Mods\ICheatedInTournamentsTooHardGuys.dll'
[17:19:56.112] SHA256 Hash: '65bfa1466daeadf809db880c1caba81e2bf64e83e97883bc547e3425643ee691'

[17:19:57.430] ------------------------------
[17:19:57.435] StumbleCups v0.2.2
[17:19:57.435] by Team IStumbledTooHardGuys
[17:19:57.435] Assembly: ICheatedInTournamentsTooHardGuys.dll
[17:19:57.435] ------------------------------
[17:19:57.436] ------------------------------
[17:19:57.436] 1 Mod loaded.

[17:19:59.059] Registered mono type Il2CppInterop.Runtime.DelegateSupport+Il2CppToMonoDelegateReference in il2cpp domain
[17:19:59.164] Registered mono type MelonLoader.Support.MonoEnumeratorWrapper in il2cpp domain
[17:19:59.175] Registered mono type MelonLoader.Support.SM_Component in il2cpp domain
[17:19:59.224] Support Module Loaded: C:\Users\zach\Downloads\STG-StumbleCups-Test (2) ( the one that works)\MelonLoader\Dependencies\SupportModules\Il2Cpp.dll
[17:19:59.269] Registered mono type MenuExternalLink in il2cpp domain
[17:19:59.275] Registered mono type SCWelcomePopupHelper in il2cpp domain
[17:19:59.308] Registered mono type SCNameChangePopupHelper in il2cpp domain
[17:19:59.313] Registered mono type SCBannedPopupHelper in il2cpp domain
[17:19:59.812] [StumbleCups] Loaded the ISTHG Anticheat for StumblePriv Tournaments v0.2.2! (branch 'prod', commit '7c115da')
[17:19:59.869] [StumbleCups] SHA256: 65bfa1466daeadf809db880c1caba81e2bf64e83e97883bc547e3425643ee691
[17:19:59.870] [StumbleCups] Photon Quantum Version: 2.0.5.0
[17:19:59.879] [StumbleCups] Downloading hotfixes from StumbleCups!
[17:20:00.289] [StumbleCups] Received hotfixes after 1 attempt(s).
[17:20:00.321] [StumbleCups] Processing hotfixes...
[17:20:00.790] [StumbleCups] StumbleCups Asset bundle loaded successfully.
[17:20:00.803] [StumbleCups] --------------------------
[17:20:00.803] [StumbleCups] Resetting available patches
[17:20:00.905] [StumbleCups] Added production patches (1/2)
[17:20:00.907] [StumbleCups] Disabled hotfixed patches (1/1)
[17:20:00.909] [StumbleCups] All done!
[17:20:00.909] [StumbleCups] --------------------------
[17:20:00.910] [StumbleCups] Patching...
[17:20:01.898] [StumbleCups] Loaded 51 patches!
[17:20:06.563] [StumbleCups] Registering custom gamemodes...
[17:20:06.598] Method Void Enqueue(System.Action) on type Anticheat.Modules.UnityMainThreadDispatcher has unsupported parameter System.Action action of type System.Action
[17:20:06.600] [StumbleCups] Registered mono type Anticheat.Modules.UnityMainThreadDispatcher in il2cpp domain
[17:20:06.809] Loading login flow!
[17:21:54.537] During invoking native->managed trampoline
[17:22:16.467] [StumbleCups] Controller changed
[17:22:21.219] During invoking native->managed trampoline
[17:22:59.030] [StumbleCups] Controller changed
[17:23:13.706] During invoking native->managed trampoline
[17:23:44.502] During invoking native->managed trampoline
[17:24:32.042] During invoking native->managed trampoline
[17:25:02.533] During invoking native->managed trampoline
[17:26:25.690] During invoking native->managed trampoline
[17:30:42.025] During invoking native->managed trampoline
[17:32:40.086] During invoking native->managed trampoline
[18:45:29.611] During invoking native->managed trampoline
[18:46:39.243] During invoking native->managed trampoline
[18:49:13.697] During invoking native->managed trampoline
